<?xml version="1.0" encoding="UTF-8"?>
<!-- Generated by org.testng.reporters.JUnitReportReporter -->
<testsuite hostname="DESKTOP-D3N9BFH" failures="0" tests="8" name="task.AppTestNGTest" time="0.013" errors="0" timestamp="2022-08-29T00:08:16 IDT" skipped="0">
  <testcase classname="task.AppTestNGTest" name="getCircleArea" time="0.001"/>
  <system-out/>
  <testcase classname="task.AppTestNGTest" name="getCircleArea" time="0.001"/>
  <system-out/>
  <testcase classname="task.AppTestNGTest" name="getEllipseArea" time="0.000"/>
  <system-out/>
  <testcase classname="task.AppTestNGTest" name="getCircleArea" time="0.008"/>
  <system-out/>
  <testcase classname="task.AppTestNGTest" name="getCircleArea" time="0.001"/>
  <system-out/>
  <testcase classname="task.AppTestNGTest" name="getEllipseArea" time="0.002"/>
  <system-out/>
  <testcase classname="task.AppTestNGTest" name="getEllipseArea" time="0.000"/>
  <system-out/>
  <testcase classname="task.AppTestNGTest" name="getEllipseArea" time="0.000"/>
  <system-out/>
</testsuite> <!-- task.AppTestNGTest -->
